Drill report for Buddy_shield_extractor.kicad_pcb
Created on Thu 28 Jul 2022 01:36:28 PM CEST

Copper Layer Stackup:
    =============================================================
    L1 :  F.Cu                      front
    L2 :  B.Cu                      back


Drill file 'Buddy_shield_extractor.drl' contains
    plated through holes:
    =============================================================
    T1  0.400mm  0.0157"  (90 holes)
    T2  0.762mm  0.0300"  (72 holes)
    T3  0.900mm  0.0354"  (10 holes)
    T4  1.000mm  0.0394"  (96 holes)
    T5  1.500mm  0.0591"  (3 holes)
    T6  4.400mm  0.1732"  (3 holes)

    Total plated holes count 274


Not plated through holes are merged with plated holes
    unplated through holes:
    =============================================================

    Total unplated holes count 0
